<?xml version="1.0" encoding="UTF-8" ?>
<testsuite tests="1" failures="1" name="com.cangsg.rpc.AppTest" time="0.991" errors="0" skipped="0">
  <properties>
    <property name="java.runtime.name" value="OpenJDK Runtime Environment"/>
    <property name="sun.boot.library.path" value="D:\svn\java\zulu8.33.0.1-jdk8.0.192\jre\bin"/>
    <property name="java.vm.version" value="25.192-b01"/>
    <property name="java.vm.vendor" value="Azul Systems, Inc."/>
    <property name="maven.multiModuleProjectDirectory" value="D:\svn\projects\cangsg-rpc\rpc"/>
    <property name="java.vendor.url" value="http://www.azulsystems.com/"/>
    <property name="path.separator" value=";"/>
    <property name="guice.disable.misplaced.annotation.check" value="true"/>
    <property name="java.vm.name" value="OpenJDK 64-Bit Server VM"/>
    <property name="file.encoding.pkg" value="sun.io"/>
    <property name="user.script" value=""/>
    <property name="user.country" value="CN"/>
    <property name="sun.java.launcher" value="SUN_STANDARD"/>
    <property name="sun.os.patch.level" value=""/>
    <property name="java.vm.specification.name" value="Java Virtual Machine Specification"/>
    <property name="user.dir" value="D:\svn\projects\cangsg-rpc\rpc"/>
    <property name="java.runtime.version" value="1.8.0_192-b01"/>
    <property name="java.awt.graphicsenv" value="sun.awt.Win32GraphicsEnvironment"/>
    <property name="java.endorsed.dirs" value="D:\svn\java\zulu8.33.0.1-jdk8.0.192\jre\lib\endorsed"/>
    <property name="os.arch" value="amd64"/>
    <property name="java.io.tmpdir" value="C:\Users\keith\AppData\Local\Temp\"/>
    <property name="line.separator" value="
"/>
    <property name="java.vm.specification.vendor" value="Oracle Corporation"/>
    <property name="user.variant" value=""/>
    <property name="os.name" value="Windows 10"/>
    <property name="classworlds.conf" value="D:\svn\projects\cangsg-rpc\.metadata\.plugins\org.eclipse.m2e.launching\launches\m2conf5155783596024455052.tmp"/>
    <property name="sun.jnu.encoding" value="GBK"/>
    <property name="java.library.path" value="D:\svn\java\zulu8.33.0.1-jdk8.0.192\bin;C:\Windows\Sun\Java\bin;C:\Windows\system32;C:\Windows;D:/svn/java/zulu8.33.0.1-jdk8.0.192/jre/bin/server;D:/svn/java/zulu8.33.0.1-jdk8.0.192/jre/bin;D:/svn/java/zulu8.33.0.1-jdk8.0.192/jre/lib/amd64;C:\Windows\system32;C:\Windows;C:\Windows\System32\Wbem;C:\Windows\System32\WindowsPowerShell\v1.0\;C:\Windows\System32\OpenSSH\;C:\Program Files\nodejs\;C:\Program Files\TortoiseSVN\bin;C:\Program Files\Git\cmd;D:\svn\java\zulu8.33.0.1-jdk8.0.192\bin;D:\svn\java\apache-maven-3.6.0\bin;D:\ffmpeg\bin;D:\protoc-3.8.0-win64\bin;C:\Users\keith\AppData\Local\Microsoft\WindowsApps;C:\Users\keith\AppData\Roaming\npm;C:\Users\keith\AppData\Local\GitHubDesktop\bin;C:\Users\keith\AppData\Local\Programs\Microsoft VS Code\bin;D:\svn\app\eclipse;;."/>
    <property name="java.specification.name" value="Java Platform API Specification"/>
    <property name="java.class.version" value="52.0"/>
    <property name="sun.management.compiler" value="HotSpot 64-Bit Tiered Compilers"/>
    <property name="os.version" value="10.0"/>
    <property name="user.home" value="C:\Users\keith"/>
    <property name="user.timezone" value="Asia/Shanghai"/>
    <property name="java.awt.printerjob" value="sun.awt.windows.WPrinterJob"/>
    <property name="java.specification.version" value="1.8"/>
    <property name="file.encoding" value="GBK"/>
    <property name="user.name" value="keith"/>
    <property name="java.class.path" value="D:\svn\java\apache-maven-3.6.0\boot\plexus-classworlds-2.5.2.jar"/>
    <property name="java.vm.specification.version" value="1.8"/>
    <property name="sun.arch.data.model" value="64"/>
    <property name="java.home" value="D:\svn\java\zulu8.33.0.1-jdk8.0.192\jre"/>
    <property name="sun.java.command" value="org.codehaus.plexus.classworlds.launcher.Launcher -B -gs D:\svn\java\apache-maven-3.6.0\conf\settings.xml -s D:\svn\java\apache-maven-3.6.0\conf\settings.xml package"/>
    <property name="java.specification.vendor" value="Oracle Corporation"/>
    <property name="user.language" value="zh"/>
    <property name="awt.toolkit" value="sun.awt.windows.WToolkit"/>
    <property name="java.vm.info" value="mixed mode"/>
    <property name="java.version" value="1.8.0_192"/>
    <property name="java.ext.dirs" value="D:\svn\java\zulu8.33.0.1-jdk8.0.192\jre\lib\ext;C:\Windows\Sun\Java\lib\ext"/>
    <property name="sun.boot.class.path" value="D:\svn\java\zulu8.33.0.1-jdk8.0.192\jre\lib\resources.jar;D:\svn\java\zulu8.33.0.1-jdk8.0.192\jre\lib\rt.jar;D:\svn\java\zulu8.33.0.1-jdk8.0.192\jre\lib\sunrsasign.jar;D:\svn\java\zulu8.33.0.1-jdk8.0.192\jre\lib\jsse.jar;D:\svn\java\zulu8.33.0.1-jdk8.0.192\jre\lib\jce.jar;D:\svn\java\zulu8.33.0.1-jdk8.0.192\jre\lib\charsets.jar;D:\svn\java\zulu8.33.0.1-jdk8.0.192\jre\lib\jfr.jar;D:\svn\java\zulu8.33.0.1-jdk8.0.192\jre\classes"/>
    <property name="java.vendor" value="Azul Systems, Inc."/>
    <property name="maven.home" value="D:\svn\java\apache-maven-3.6.0"/>
    <property name="file.separator" value="\"/>
    <property name="java.vendor.url.bug" value="http://www.azulsystems.com/support/"/>
    <property name="sun.cpu.endian" value="little"/>
    <property name="sun.io.unicode.encoding" value="UnicodeLittle"/>
    <property name="sun.desktop" value="windows"/>
    <property name="sun.cpu.isalist" value="amd64"/>
  </properties>
  <testcase classname="com.cangsg.rpc.AppTest" name="com.cangsg.rpc.AppTest.test1" time="0.991">
    <failure message="org/junit/Assert" type="java.lang.NoClassDefFoundError">java.lang.NoClassDefFoundError: org/junit/Assert
	at com.cangsg.rpc.AppTest.test1(AppTest.java:53)
Caused by: java.lang.ClassNotFoundException: org.junit.Assert
	at java.net.URLClassLoader.findClass(URLClassLoader.java:382)
	at java.lang.ClassLoader.loadClass(ClassLoader.java:424)
	at sun.misc.Launcher$AppClassLoader.loadClass(Launcher.java:349)
	at java.lang.ClassLoader.loadClass(ClassLoader.java:357)
	... 19 more
</failure>
    <system-out>client --&gt; receive(int:1,int:2)
server &lt;-- com.cangsg.rpc.service.ITestService#receive,int,int(Int:1,Int:2)
server --&gt; int:3
client &lt;-- Int:3
 = 3
client --&gt; receive(long:1,long:2)
server &lt;-- com.cangsg.rpc.service.ITestService#receive,long,long(Long:1,Long:2)
server --&gt; long:3
client &lt;-- Long:3
 = 3
client --&gt; receive(float:0.2,float:0.3)
server &lt;-- com.cangsg.rpc.service.ITestService#receive,float,float(Float:0.2,Float:0.3)
server --&gt; float:0.5
client &lt;-- Float:0.5
 = 0.5
client --&gt; receive(boolean:true,boolean:true)
server &lt;-- com.cangsg.rpc.service.ITestService#receive,boolean,boolean(Bool:true,Bool:true)
server --&gt; boolean:true
client &lt;-- Bool:true
 = true
client --&gt; receive(char:a,char:D)
server &lt;-- com.cangsg.rpc.service.ITestService#receive,char,char(Char:a,Char:D)
server --&gt; char:a
client &lt;-- Char:a
 = a
client --&gt; receive(String:wang,String:gang)
server &lt;-- com.cangsg.rpc.service.ITestService#receive,java.lang.String,java.lang.String(String:wang,String:gang)
server --&gt; String:wang:gang
client &lt;-- String:wang:gang
 = wang:gang
client --&gt; receive(double:0.2,double:0.3)
server &lt;-- com.cangsg.rpc.service.ITestService#receive,double,double(Double:0.2,Double:0.3)
server --&gt; double:0.5
client &lt;-- Double:0.5
 = 0.5
client --&gt; receive(Item:王-12,Item:刚-13)
server &lt;-- com.cangsg.rpc.service.ITestService#receive,com.cangsg.rpc.service.pojo.Item,com.cangsg.rpc.service.pojo.Item(Object: 【二进制内容】,Object: 【二进制内容】)
server --&gt; object:王刚-25
client &lt;-- Object:【二进制内容】
 = 王刚-25
122
</system-out>
  </testcase>
</testsuite>